"../../../../../../projects/puzzle_game_01/Content/Textures/Tileables/ceiling_lamps_emissive.uasset" 0
"../../../../../../projects/puzzle_game_01/Content/Textures/Tileables/styrofoam_2K_Albedo.uasset" 1
"../../../../../../projects/puzzle_game_01/Content/Textures/Tileables/styrofoam_2K_Normal.uasset" 2
"../../../../../../projects/puzzle_game_01/Content/Textures/Tileables/styrofoam_2K_Roughness.uasset" 3
"../../../../../../projects/puzzle_game_01/Content/Material/M_opaque_master.uasset" 4
"../../../Engine/Content/Functions/Engine_MaterialFunctions01/Opacity/CameraDepthFade.uasset" 5
"../../../Engine/Content/EngineMaterials/T_Default_Material_Grid_M.uasset" 6
"../../../Engine/Content/EngineMaterials/T_Default_Material_Grid_N.uasset" 7
"../../../Engine/Content/EngineMaterials/WorldGridMaterial.uasset" 8
"../../../../../../projects/puzzle_game_01/Content/Meshes/Props/cube_base_mesh.uasset" 9
"../../../../../../projects/puzzle_game_01/Content/Sounds/explosion.uasset" 10
"../../../../../../projects/puzzle_game_01/Content/StarterContent/Textures/T_Burst_M.uasset" 11
"../../../../../../projects/puzzle_game_01/Content/StarterContent/Particles/Materials/M_Burst.uasset" 12
"../../../../../../projects/puzzle_game_01/Content/StarterContent/Textures/T_Explosion_SubUV.uasset" 13
"../../../../../../projects/puzzle_game_01/Content/StarterContent/Particles/Materials/M_explosion_subUV.uasset" 14
"../../../../../../projects/puzzle_game_01/Content/StarterContent/Particles/Materials/m_flare_01.uasset" 15
"../../../Engine/Content/Functions/Engine_MaterialFunctions01/Gradient/RadialGradient.uasset" 16
"../../../../../../projects/puzzle_game_01/Content/StarterContent/Particles/Materials/M_radial_ramp.uasset" 17
"../../../../../../projects/puzzle_game_01/Content/StarterContent/Textures/T_Smoke_SubUV.uasset" 18
"../../../../../../projects/puzzle_game_01/Content/StarterContent/Textures/T_Smoke_Tiled_D.uasset" 19
"../../../../../../projects/puzzle_game_01/Content/StarterContent/Particles/Materials/M_smoke_subUV.uasset" 20
"../../../../../../projects/puzzle_game_01/Content/StarterContent/Particles/P_Explosion.uasset" 21
"../../../../../../projects/puzzle_game_01/Content/Blueprints/BP_Companion_cube.uasset" 22
"../../../../../../projects/puzzle_game_01/Content/FirstPerson/Character/Mesh/SK_Mannequin_Arms_Skeleton.uasset" 23
"../../../../../../projects/puzzle_game_01/Content/FirstPerson/Animations/FirstPerson_Fire.uasset" 24
"../../../../../../projects/puzzle_game_01/Content/FirstPerson/Animations/FirstPersonFire_Montage.uasset" 25
"../../../../../../projects/puzzle_game_01/Content/Blueprints/BP_checkpoint.uasset" 26
"../../../../../../projects/puzzle_game_01/Content/FirstPerson/Meshes/BaseMaterial.uasset" 27
"../../../../../../projects/puzzle_game_01/Content/FirstPerson/Meshes/FirstPersonProjectileMaterial.uasset" 28
"../../../../../../projects/puzzle_game_01/Content/FirstPerson/Meshes/FirstPersonProjectileMesh.uasset" 29
"../../../../../../projects/puzzle_game_01/Content/FirstPersonBP/Blueprints/FirstPersonProjectile.uasset" 30
"../../../../../../projects/puzzle_game_01/Content/Textures/blood_splatter_masks.uasset" 31
"../../../../../../projects/puzzle_game_01/Content/Material/M_blood_splatter_master.uasset" 32
"../../../../../../projects/puzzle_game_01/Content/Material/M_blood_splatter_walls.uasset" 33
"../../../../../../projects/puzzle_game_01/Content/Material/blood_splatter_B.uasset" 34
"../../../../../../projects/puzzle_game_01/Content/Material/blood_splatter_G.uasset" 35
"../../../../../../projects/puzzle_game_01/Content/FirstPerson/Audio/FirstPersonTemplateWeaponFire02.uasset" 36
"../../../../../../projects/puzzle_game_01/Content/Sounds/acid_death_fizz.uasset" 37
"../../../../../../projects/puzzle_game_01/Content/Sounds/scream_male_01.uasset" 38
"../../../../../../projects/puzzle_game_01/Content/UI/death_widget.uasset" 39
"../../../../../../projects/puzzle_game_01/Content/UI/Options_menu.uasset" 40
"../../../../../../projects/puzzle_game_01/Content/UI/Ingame_menu.uasset" 41
"../../../../../../projects/puzzle_game_01/Content/FirstPersonBP/Blueprints/FirstPersonCharacter.uasset" 42
"../../../../../../projects/puzzle_game_01/Content/Textures/Tileables/concrete_smooth_02_2K_Albedo.uasset" 43
"../../../../../../projects/puzzle_game_01/Content/Textures/Tileables/concrete_smooth_02_2K_Normal.uasset" 44
"../../../../../../projects/puzzle_game_01/Content/Textures/Tileables/concrete_smooth_02_2K_Roughness.uasset" 45
"../../../../../../projects/puzzle_game_01/Content/Material/M_concrete_02_smooth.uasset" 46
"../../../../../../projects/puzzle_game_01/Content/Meshes/Props/button_base_mesh_collision.uasset" 47
"../../../../../../projects/puzzle_game_01/Content/Meshes/Props/button_base_mesh.uasset" 48
"../../../../../../projects/puzzle_game_01/Content/Blueprints/BP_button.uasset" 49
"../../../../../../projects/puzzle_game_01/Content/Meshes/Level_geometry/Timur_level/elevator_platform.uasset" 50
"../../../../../../projects/puzzle_game_01/Content/Blueprints/BP_timur_platform.uasset" 51
"../../../../../../projects/puzzle_game_01/Content/Blueprints/BP_moving_platform.uasset" 52
"../../../../../../projects/puzzle_game_01/Content/Blueprints/BP_kill_volume_base.uasset" 53
"../../../../../../projects/puzzle_game_01/Content/StarterContent/Textures/T_MacroVariation.uasset" 54
"../../../../../../projects/puzzle_game_01/Content/StarterContent/Materials/M_Metal_Chrome.uasset" 55
"../../../../../../projects/puzzle_game_01/Content/Meshes/Props/Trap_press.uasset" 56
"../../../../../../projects/puzzle_game_01/Content/Blueprints/BP_trap_pres.uasset" 57
"../../../../../../projects/puzzle_game_01/Content/Blueprints/BP_press.uasset" 58
"../../../../../../projects/puzzle_game_01/Content/Meshes/Props/Trap_cylinder_01.uasset" 59
"../../../../../../projects/puzzle_game_01/Content/Meshes/Props/Trap_cylinder_02.uasset" 60
"../../../../../../projects/puzzle_game_01/Content/Meshes/Props/Trap_cylinder_03.uasset" 61
"../../../../../../projects/puzzle_game_01/Content/Blueprints/BP_trap_cylinder.uasset" 62
"../../../../../../projects/puzzle_game_01/Content/Blueprints/BP_trap_press.uasset" 63
"../../../../../../projects/puzzle_game_01/Content/Blueprints/Companion_cube.uasset" 64
"../../../../../../projects/puzzle_game_01/Content/FirstPerson/Animations/FirstPerson_Idle.uasset" 65
"../../../../../../projects/puzzle_game_01/Content/FirstPerson/Animations/FirstPerson_JumpEnd.uasset" 66
"../../../../../../projects/puzzle_game_01/Content/FirstPerson/Animations/FirstPerson_JumpLoop.uasset" 67
"../../../../../../projects/puzzle_game_01/Content/FirstPerson/Animations/FirstPerson_JumpStart.uasset" 68
"../../../../../../projects/puzzle_game_01/Content/FirstPerson/Animations/FirstPerson_Run.uasset" 69
"../../../Engine/Content/EditorBlueprintResources/StandardMacros.uasset" 70
"../../../../../../projects/puzzle_game_01/Content/FirstPerson/Animations/FirstPerson_AnimBP.uasset" 71
"../../../../../../projects/puzzle_game_01/Content/FirstPerson/Character/Mesh/FirstPersonAnimBlueprint_Copy.uasset" 72
"../../../Engine/Content/Functions/Engine_MaterialFunctions02/Utility/BlendAngleCorrectedNormals.uasset" 73
"../../../Engine/Content/Functions/MaterialLayerFunctions/MatLayerBlend_NormalBlend.uasset" 74
"../../../Engine/Content/Functions/MaterialLayerFunctions/MatLayerBlend_Simple.uasset" 75
"../../../../../../projects/puzzle_game_01/Content/FirstPerson/Character/Materials/MaterialLayers/T_ML_Rubber_Blue_01_D.uasset" 76
"../../../../../../projects/puzzle_game_01/Content/FirstPerson/Character/Materials/MaterialLayers/T_ML_Rubber_Blue_01_N.uasset" 77
"../../../../../../projects/puzzle_game_01/Content/FirstPerson/Character/Materials/MaterialLayers/ML_GlossyBlack_Latex_UE4.uasset" 78
"../../../../../../projects/puzzle_game_01/Content/FirstPerson/Character/Materials/MaterialLayers/ML_Plastic_Shiny_Beige.uasset" 79
"../../../../../../projects/puzzle_game_01/Content/FirstPerson/Character/Textures/UE4_LOGO_CARD.uasset" 80
"../../../../../../projects/puzzle_game_01/Content/FirstPerson/Character/Materials/MaterialLayers/ML_Plastic_Shiny_Beige_LOGO.uasset" 81
"../../../../../../projects/puzzle_game_01/Content/FirstPerson/Character/Materials/MaterialLayers/T_ML_Aluminum01.uasset" 82
"../../../../../../projects/puzzle_game_01/Content/FirstPerson/Character/Materials/MaterialLayers/T_ML_Aluminum01_N.uasset" 83
"../../../../../../projects/puzzle_game_01/Content/FirstPerson/Character/Materials/MaterialLayers/ML_SoftMetal_UE4.uasset" 84
"../../../../../../projects/puzzle_game_01/Content/FirstPerson/Character/Textures/UE4_Mannequin__normals.uasset" 85
"../../../../../../projects/puzzle_game_01/Content/FirstPerson/Character/Textures/UE4_Mannequin_MAT_MASKA.uasset" 86
"../../../../../../projects/puzzle_game_01/Content/FirstPerson/Character/Materials/M_UE4Man_Body.uasset" 87
"../../../../../../projects/puzzle_game_01/Content/FirstPerson/Character/Mesh/SK_Mannequin_Arms_PhysicsAsset.uasset" 88
"../../../../../../projects/puzzle_game_01/Content/FirstPerson/Character/Mesh/SK_Mannequin_Arms.uasset" 89
"../../../../../../projects/puzzle_game_01/Content/FirstPerson/FPWeapon/Materials/MaterialLayers/ML_Plastic_Shiny_Beige_LOGO.uasset" 90
"../../../../../../projects/puzzle_game_01/Content/FirstPerson/FPWeapon/Materials/MaterialLayers/T_ML_FineRubber.uasset" 91
"../../../../../../projects/puzzle_game_01/Content/FirstPerson/FPWeapon/Materials/MaterialLayers/T_ML_Rubber_Blue_01_D.uasset" 92
"../../../../../../projects/puzzle_game_01/Content/FirstPerson/FPWeapon/Materials/MaterialLayers/T_ML_Rubber_Blue_01_N.uasset" 93
"../../../../../../projects/puzzle_game_01/Content/FirstPerson/FPWeapon/Materials/MaterialLayers/ML_GlossyBlack_Latex_UE4.uasset" 94
"../../../../../../projects/puzzle_game_01/Content/FirstPerson/FPWeapon/Materials/MaterialLayers/ML_Plastic_Shiny_Beige.uasset" 95
"../../../../../../projects/puzzle_game_01/Content/FirstPerson/FPWeapon/Materials/MaterialLayers/ML_Screen.uasset" 96
"../../../../../../projects/puzzle_game_01/Content/FirstPerson/FPWeapon/Materials/MaterialLayers/T_ML_Aluminum01.uasset" 97
"../../../../../../projects/puzzle_game_01/Content/FirstPerson/FPWeapon/Materials/MaterialLayers/T_ML_Aluminum01_N.uasset" 98
"../../../../../../projects/puzzle_game_01/Content/FirstPerson/FPWeapon/Materials/MaterialLayers/ML_SoftMetal_UE4.uasset" 99
"../../../../../../projects/puzzle_game_01/Content/FirstPerson/FPWeapon/Textures/T_FPGun_M.uasset" 100
"../../../../../../projects/puzzle_game_01/Content/FirstPerson/FPWeapon/Textures/T_FPGun_N.uasset" 101
"../../../../../../projects/puzzle_game_01/Content/FirstPerson/FPWeapon/Materials/M_FPGun.uasset" 102
"../../../../../../projects/puzzle_game_01/Content/FirstPerson/FPWeapon/Mesh/SK_FPGun_Skeleton.uasset" 103
"../../../../../../projects/puzzle_game_01/Content/FirstPerson/FPWeapon/Mesh/SK_FPGun.uasset" 104
"../../../../../../projects/puzzle_game_01/Content/FirstPerson/FPWeapon/Mesh/SK_FPGun_PhysicsAsset.uasset" 105
"../../../../../../projects/puzzle_game_01/Content/FirstPersonBP/FirstPersonOverview.uasset" 106
"../../../../../../projects/puzzle_game_01/Content/Geometry/Meshes/CubeMaterial.uasset" 107
"../../../../../../projects/puzzle_game_01/Content/Geometry/Meshes/1M_Cube_Chamfer.uasset" 108
"../../../../../../projects/puzzle_game_01/Content/Geometry/Meshes/TemplateFloor.uasset" 109
"../../../../../../projects/puzzle_game_01/Content/Textures/Tileables/concrete_smooth_2K_Albedo.uasset" 110
"../../../../../../projects/puzzle_game_01/Content/Textures/Tileables/concrete_smooth_2K_Normal.uasset" 111
"../../../../../../projects/puzzle_game_01/Content/Material/M_planar_floor_master.uasset" 112
"../../../../../../projects/puzzle_game_01/Content/Textures/Tileables/floor_basecolor.uasset" 113
"../../../../../../projects/puzzle_game_01/Content/Textures/Tileables/floor_normal.uasset" 114
"../../../../../../projects/puzzle_game_01/Content/Textures/Tileables/floor_roughness.uasset" 115
"../../../../../../projects/puzzle_game_01/Content/Material/floor.uasset" 116
"../../../../../../projects/puzzle_game_01/Content/Textures/Tileables/floor_2_basecolor.uasset" 117
"../../../../../../projects/puzzle_game_01/Content/Textures/Tileables/floor_2_normal.uasset" 118
"../../../../../../projects/puzzle_game_01/Content/Textures/Tileables/floor_2_roughness.uasset" 119
"../../../../../../projects/puzzle_game_01/Content/Material/floor2.uasset" 120
"../../../../../../projects/puzzle_game_01/Content/Textures/bloody_gibs_Albedo.uasset" 121
"../../../../../../projects/puzzle_game_01/Content/Textures/bloody_gibs_Normal.uasset" 122
"../../../../../../projects/puzzle_game_01/Content/Textures/bloody_gibs_Roughness.uasset" 123
"../../../../../../projects/puzzle_game_01/Content/Material/M_bloody_gibs.uasset" 124
"../../../../../../projects/puzzle_game_01/Content/Material/M_concrete_01.uasset" 125
"../../../../../../projects/puzzle_game_01/Content/Textures/Tileables/metal_painted_01_Roughness.uasset" 126
"../../../../../../projects/puzzle_game_01/Content/Material/M_wall_biplanar_master.uasset" 127
"../../../../../../projects/puzzle_game_01/Content/Textures/Tileables/wall_basecolor.uasset" 128
"../../../../../../projects/puzzle_game_01/Content/Textures/Tileables/wall_normal.uasset" 129
"../../../../../../projects/puzzle_game_01/Content/Textures/Tileables/wall_roughness.uasset" 130
"../../../../../../projects/puzzle_game_01/Content/Material/wall.uasset" 131
"../../../../../../projects/puzzle_game_01/Content/Meshes/Level_geometry/Max_level/Floor_01.uasset" 132
"../../../../../../projects/puzzle_game_01/Content/Meshes/Level_geometry/Floor_01.uasset" 133
"../../../../../../projects/puzzle_game_01/Content/Meshes/Level_geometry/Max_level/Interior_wall_01.uasset" 134
"../../../../../../projects/puzzle_game_01/Content/Meshes/Level_geometry/Interior_wall_01.uasset" 135
"../../../../../../projects/puzzle_game_01/Content/Meshes/Level_geometry/Max_level/Outer_wall_01.uasset" 136
"../../../../../../projects/puzzle_game_01/Content/Meshes/Level_geometry/Outer_wall_01.uasset" 137
"../../../../../../projects/puzzle_game_01/Content/Meshes/Level_geometry/Max_level/Wall_door_01.uasset" 138
"../../../../../../projects/puzzle_game_01/Content/Meshes/Level_geometry/Wall_door_01.uasset" 139
"../../../../../../projects/puzzle_game_01/Content/Meshes/Level_geometry/Max_level/Passage_door_01.uasset" 140
"../../../../../../projects/puzzle_game_01/Content/Meshes/Level_geometry/Max_level/Pit_with_button.uasset" 141
"../../../../../../projects/puzzle_game_01/Content/Meshes/Level_geometry/Max_level/Trap_acid_with_button.uasset" 142
"../../../../../../projects/puzzle_game_01/Content/StarterContent/Materials/M_Basic_Wall.uasset" 143
"../../../../../../projects/puzzle_game_01/Content/StarterContent/Architecture/Pillar_50x500.uasset" 144
"../../../../../../projects/puzzle_game_01/Content/StarterContent/Architecture/Wall_400x300.uasset" 145
"../../../../../../projects/puzzle_game_01/Content/StarterContent/Architecture/Wall_400x400.uasset" 146
"../../../../../../projects/puzzle_game_01/Content/StarterContent/Architecture/Wall_500x500.uasset" 147
"../../../../../../projects/puzzle_game_01/Content/StarterContent/Architecture/Wall_Door_400x400.uasset" 148
"../../../../../../projects/puzzle_game_01/Content/StarterContent/Architecture/Wall_Window_400x400.uasset" 149
"../../../../../../projects/puzzle_game_01/Content/StarterContent/Audio/Collapse01.uasset" 150
"../../../../../../projects/puzzle_game_01/Content/StarterContent/Audio/Collapse02.uasset" 151
"../../../../../../projects/puzzle_game_01/Content/StarterContent/Audio/Explosion01.uasset" 152
"../../../../../../projects/puzzle_game_01/Content/StarterContent/Audio/Explosion02.uasset" 153
"../../../../../../projects/puzzle_game_01/Content/StarterContent/Audio/Fire01.uasset" 154
"../../../../../../projects/puzzle_game_01/Content/StarterContent/Audio/Fire_Sparks01.uasset" 155
"../../../../../../projects/puzzle_game_01/Content/StarterContent/Audio/Light01.uasset" 156
"../../../../../../projects/puzzle_game_01/Content/StarterContent/Audio/Light01_Cue.uasset" 157
"../../../../../../projects/puzzle_game_01/Content/StarterContent/Audio/Light02.uasset" 158
"../../../../../../projects/puzzle_game_01/Content/StarterContent/Audio/Light02_Cue.uasset" 159
"../../../../../../projects/puzzle_game_01/Content/StarterContent/Audio/Smoke01.uasset" 160
"../../../../../../projects/puzzle_game_01/Content/StarterContent/Audio/Starter_Birds01.uasset" 161
"../../../../../../projects/puzzle_game_01/Content/StarterContent/Audio/Starter_Music01.uasset" 162
"../../../../../../projects/puzzle_game_01/Content/StarterContent/Audio/Starter_Wind05.uasset" 163
"../../../../../../projects/puzzle_game_01/Content/StarterContent/Audio/Starter_Wind06.uasset" 164
"../../../../../../projects/puzzle_game_01/Content/StarterContent/Audio/Steam01.uasset" 165
"../../../../../../projects/puzzle_game_01/Content/StarterContent/Audio/Explosion_Cue.uasset" 166
"../../../../../../projects/puzzle_game_01/Content/StarterContent/Blueprints/Blueprint_Effect_Explosion.uasset" 167
"../../../Engine/Content/EditorMeshes/ColorCalibrator/T_ColorGrid.uasset" 168
"../../../../../../projects/puzzle_game_01/Content/StarterContent/Materials/M_ColorGrid_LowSpec.uasset" 169
"../../../../../../projects/puzzle_game_01/Content/StarterContent/Textures/T_Bush_D.uasset" 170
"../../../../../../projects/puzzle_game_01/Content/StarterContent/Textures/T_Bush_N.uasset" 171
"../../../../../../projects/puzzle_game_01/Content/StarterContent/Props/Materials/M_Bush.uasset" 172
"../../../../../../projects/puzzle_game_01/Content/StarterContent/Props/SM_Bush.uasset" 173
"../../../../../../projects/puzzle_game_01/Content/StarterContent/Textures/T_Chair_M.uasset" 174
"../../../../../../projects/puzzle_game_01/Content/StarterContent/Textures/T_Chair_N.uasset" 175
"../../../../../../projects/puzzle_game_01/Content/StarterContent/Props/Materials/M_Chair.uasset" 176
"../../../../../../projects/puzzle_game_01/Content/StarterContent/Props/SM_Couch.uasset" 177
"../../../../../../projects/puzzle_game_01/Content/StarterContent/Materials/M_Glass.uasset" 178
"../../../../../../projects/puzzle_game_01/Content/StarterContent/Textures/T_Door_M.uasset" 179
"../../../../../../projects/puzzle_game_01/Content/StarterContent/Textures/T_Door_N.uasset" 180
"../../../../../../projects/puzzle_game_01/Content/StarterContent/Props/Materials/M_Door.uasset" 181
"../../../../../../projects/puzzle_game_01/Content/StarterContent/Props/SM_Door.uasset" 182
"../../../../../../projects/puzzle_game_01/Content/StarterContent/Props/Materials/M_MaterialSphere.uasset" 183
"../../../../../../projects/puzzle_game_01/Content/StarterContent/Props/Materials/M_MaterialSphere_Plain.uasset" 184
"../../../../../../projects/puzzle_game_01/Content/StarterContent/Props/SM_MatPreviewMesh_02.uasset" 185
"../../../../../../projects/puzzle_game_01/Content/StarterContent/Textures/T_Detail_Rocky_N.uasset" 186
"../../../../../../projects/puzzle_game_01/Content/StarterContent/Textures/T_Rock_Basalt_D.uasset" 187
"../../../../../../projects/puzzle_game_01/Content/StarterContent/Textures/T_RockMesh_M.uasset" 188
"../../../../../../projects/puzzle_game_01/Content/StarterContent/Textures/T_RockMesh_N.uasset" 189
"../../../../../../projects/puzzle_game_01/Content/StarterContent/Props/Materials/M_Rock.uasset" 190
"../../../../../../projects/puzzle_game_01/Content/StarterContent/Props/SM_Rock.uasset" 191
"../../../../../../projects/puzzle_game_01/Content/StarterContent/Textures/T_Shelf_M.uasset" 192
"../../../../../../projects/puzzle_game_01/Content/StarterContent/Textures/T_Shelf_N.uasset" 193
"../../../../../../projects/puzzle_game_01/Content/StarterContent/Props/Materials/M_Shelf.uasset" 194
"../../../../../../projects/puzzle_game_01/Content/StarterContent/Props/SM_Shelf.uasset" 195
"../../../../../../projects/puzzle_game_01/Content/StarterContent/Materials/M_Basic_Floor.uasset" 196
"../../../../../../projects/puzzle_game_01/Content/StarterContent/Props/SM_Stairs.uasset" 197
"../../../../../../projects/puzzle_game_01/Content/StarterContent/Shapes/Shape_Cone.uasset" 198
"../../../../../../projects/puzzle_game_01/Content/StarterContent/Shapes/Shape_NarrowCapsule.uasset" 199
"../../../../../../projects/puzzle_game_01/Content/StarterContent/Shapes/Shape_Pipe.uasset" 200
"../../../../../../projects/puzzle_game_01/Content/StarterContent/Shapes/Shape_Pipe_180.uasset" 201
"../../../../../../projects/puzzle_game_01/Content/StarterContent/Shapes/Shape_Pipe_90.uasset" 202
"../../../../../../projects/puzzle_game_01/Content/StarterContent/Shapes/Shape_Torus.uasset" 203
"../../../../../../projects/puzzle_game_01/Content/StarterContent/Shapes/Shape_Trim.uasset" 204
"../../../../../../projects/puzzle_game_01/Content/StarterContent/Shapes/Shape_Trim_90_In.uasset" 205
"../../../../../../projects/puzzle_game_01/Content/StarterContent/Shapes/Shape_Trim_90_Out.uasset" 206
"../../../../../../projects/puzzle_game_01/Content/StarterContent/Shapes/Shape_TriPyramid.uasset" 207
"../../../../../../projects/puzzle_game_01/Content/StarterContent/Shapes/Shape_Tube.uasset" 208
"../../../../../../projects/puzzle_game_01/Content/StarterContent/Shapes/Shape_Wedge_A.uasset" 209
"../../../../../../projects/puzzle_game_01/Content/StarterContent/Shapes/Shape_Wedge_B.uasset" 210
"../../../../../../projects/puzzle_game_01/Content/StarterContent/Shapes/Shape_WideCapsule.uasset" 211
"../../../Engine/Content/Animation/DefaultAnimCurveCompressionSettings.uasset" 212
"../../../Engine/Content/ArtTools/RenderToTexture/Meshes/S_1_Unit_Plane.uasset" 213
"../../../Engine/Content/EngineMaterials/DefaultMaterial.uasset" 214
"../../../Engine/Content/BasicShapes/Cone.uasset" 215
"../../../Engine/Content/BasicShapes/Cylinder.uasset" 216
"../../../Engine/Content/BasicShapes/Sphere.uasset" 217
"../../../Engine/Content/EditorLandscapeResources/DataLayer.uasset" 218
"../../../Engine/Content/EditorMaterials/MAT_Groups_Toggle.uasset" 219
"../../../Engine/Content/EditorMaterials/MAT_Groups_Visibility.uasset" 220
"../../../Engine/Content/EditorMaterials/PreviewShadowIndicator.uasset" 221
"../../../Engine/Content/EditorMaterials/PreviewShadowIndicatorMaterial.uasset" 222
"../../../Engine/Content/EditorMaterials/MatineeGroups/MAT_ColorTrack.uasset" 223
"../../../Engine/Content/EditorMaterials/MatineeGroups/MAT_Groups_Anim.uasset" 224
"../../../Engine/Content/EditorMaterials/MatineeGroups/MAT_Groups_AudioMaster.uasset" 225
"../../../Engine/Content/EditorMaterials/MatineeGroups/MAT_Groups_Director.uasset" 226
"../../../Engine/Content/EditorMaterials/MatineeGroups/MAT_Groups_Event.uasset" 227
"../../../Engine/Content/EditorMaterials/MatineeGroups/MAT_Groups_Fade.uasset" 228
"../../../Engine/Content/EditorMaterials/MatineeGroups/MAT_Groups_Float.uasset" 229
"../../../Engine/Content/EditorMaterials/MatineeGroups/MAT_Groups_Move.uasset" 230
"../../../Engine/Content/EditorMaterials/MatineeGroups/MAT_Groups_Slomo.uasset" 231
"../../../Engine/Content/EditorMaterials/MatineeGroups/MAT_Groups_Sound.uasset" 232
"../../../Engine/Content/EditorMaterials/MatineeGroups/MAT_Groups_Vector.uasset" 233
"../../../Engine/Content/EditorMaterials/ParticleSystems/PSysThumbnail_NoImage.uasset" 234
"../../../Engine/Content/EditorMaterials/ParticleSystems/PSysThumbnail_OOD.uasset" 235
"../../../Engine/Content/EditorMaterials/Camera/CineMat.uasset" 236
"../../../Engine/Content/EditorMaterials/Camera/MI_CineMat_Rig.uasset" 237
"../../../Engine/Content/EditorMeshes/Camera/SM_CraneRig_Arm.uasset" 238
"../../../Engine/Content/EditorMeshes/Camera/SM_CraneRig_Base.uasset" 239
"../../../Engine/Content/EditorMeshes/Camera/SM_CraneRig_Body.uasset" 240
"../../../Engine/Content/EditorMeshes/Camera/SM_CraneRig_Mount.uasset" 241
"../../../Engine/Content/EditorMeshes/Camera/SM_RailRig_Mount.uasset" 242
"../../../Engine/Content/EditorMeshes/Camera/SM_RailRig_Track.uasset" 243
"../../../Engine/Content/EditorResources/BSPVertex.uasset" 244
"../../../Engine/Content/EditorResources/EmptyActor.uasset" 245
"../../../Engine/Content/EditorResources/S_Actor.uasset" 246
"../../../Engine/Content/EditorResources/S_Note.uasset" 247
"../../../Engine/Content/EditorResources/S_Solver.uasset" 248
"../../../Engine/Content/EditorResources/S_Trigger.uasset" 249
"../../../Engine/Content/EditorResources/AudioIcons/S_AudioComponent.uasset" 250
"../../../Engine/Content/EditorResources/AudioIcons/S_AudioComponent_AutoActivate.uasset" 251
"../../../Engine/Content/EditorResources/LightIcons/S_LightError.uasset" 252
"../../../Engine/Content/EditorResources/SequenceRecorder/Countdown.uasset" 253
"../../../Engine/Content/EditorResources/SequenceRecorder/RecordingIndicator.uasset" 254
"../../../Engine/Content/EditorSounds/Notifications/CompileFailed.uasset" 255
"../../../Engine/Content/EditorSounds/Notifications/CompileFailed_Cue.uasset" 256
"../../../Engine/Content/EditorSounds/Notifications/CompileSuccess.uasset" 257
"../../../Engine/Content/EditorSounds/Notifications/CompileStart_Cue.uasset" 258
"../../../Engine/Content/EditorSounds/Notifications/CompileSuccess_Cue.uasset" 259
"../../../Engine/Content/EngineDamageTypes/DmgTypeBP_Environmental.uasset" 260
"../../../Engine/Content/EngineDebugMaterials/DebugEditorMaterial.uasset" 261
"../../../Engine/Content/EngineDebugMaterials/DebugMeshMaterial.uasset" 262
"../../../Engine/Content/EngineDebugMaterials/M_SimpleTranslucent.uasset" 263
"../../../Engine/Content/Functions/Engine_MaterialFunctions02/Utility/CameraDirectionVector.uasset" 264
"../../../Engine/Content/EngineDebugMaterials/VolumeToRender.uasset" 265
"../../../Engine/Content/EngineDebugMaterials/M_VolumeRenderSphereTracePP.uasset" 266
"../../../Engine/Content/EngineDebugMaterials/WireframeMaterial.uasset" 267
"../../../Engine/Content/EngineFonts/Faces/DroidSansFallback.uasset" 268
"../../../Engine/Content/EngineFonts/Faces/RobotoBold.uasset" 269
"../../../Engine/Content/EngineFonts/Faces/RobotoBoldItalic.uasset" 270
"../../../Engine/Content/EngineFonts/Faces/RobotoItalic.uasset" 271
"../../../Engine/Content/EngineFonts/Faces/RobotoLight.uasset" 272
"../../../Engine/Content/EngineFonts/Faces/RobotoRegular.uasset" 273
"../../../Engine/Content/EngineFonts/Roboto.uasset" 274
"../../../Engine/Content/EngineMaterials/BaseFlattenDiffuseMap.uasset" 275
"../../../Engine/Content/EngineMaterials/BaseFlattenEmissiveMap.uasset" 276
"../../../Engine/Content/EngineMaterials/BaseFlattenGrayscaleMap.uasset" 277
"../../../Engine/Content/EngineMaterials/BaseFlattenNormalMap.uasset" 278
"../../../Engine/Content/EngineMaterials/BaseFlattenMaterial.uasset" 279
"../../../Engine/Content/EngineMaterials/BlueNoise.uasset" 280
"../../../Engine/Content/EngineMaterials/DefaultBloomKernel.uasset" 281
"../../../Engine/Content/EngineMaterials/DefaultBokeh.uasset" 282
"../../../Engine/Content/EngineMaterials/DefaultDiffuse.uasset" 283
"../../../Engine/Content/EngineMaterials/DefaultDeferredDecalMaterial.uasset" 284
"../../../Engine/Content/EngineMaterials/DefaultLightFunctionMaterial.uasset" 285
"../../../Engine/Content/EngineMaterials/DefaultPhysicalMaterial.uasset" 286
"../../../Engine/Content/Functions/Engine_MaterialFunctions02/Utility/BreakOutFloat2Components.uasset" 287
"../../../Engine/Content/EngineMaterials/DefaultPostProcessMaterial.uasset" 288
"../../../Engine/Content/EngineFonts/RobotoDistanceField.uasset" 289
"../../../Engine/Content/EngineMaterials/DefaultTextMaterialOpaque.uasset" 290
"../../../Engine/Content/EngineMaterials/DefaultVirtualTextureMaterial.uasset" 291
"../../../Engine/Content/EngineMaterials/DefaultWhiteGrid.uasset" 292
"../../../Engine/Content/EngineMaterials/DefaultWhiteGrid_Low.uasset" 293
"../../../Engine/Content/EngineMaterials/EmissiveMeshMaterial.uasset" 294
"../../../Engine/Content/EngineMaterials/GizmoMaterial.uasset" 295
"../../../Engine/Content/EngineMaterials/Good64x64TilingNoiseHighFreq.uasset" 296
"../../../Engine/Content/EngineMaterials/HairDefaultMaterial.uasset" 297
"../../../Engine/Content/EngineMaterials/MiniFont.uasset" 298
"../../../Engine/Content/EngineMaterials/InvalidLightmapSettings.uasset" 299
"../../../Engine/Content/EngineMaterials/M_InvalidLightmapSettings.uasset" 300
"../../../Engine/Content/Functions/Engine_MaterialFunctions02/WorldPositionOffset/CameraOffset.uasset" 301
"../../../Engine/Content/EngineMaterials/PhAT_JointLimitMaterial.uasset" 302
"../../../Engine/Content/EngineMaterials/PreintegratedSkinBRDF.uasset" 303
"../../../Engine/Content/EngineMaterials/RemoveSurfaceMaterial.uasset" 304
"../../../Engine/Content/EngineMaterials/WeightMapPlaceholderTexture.uasset" 305
"../../../Engine/Content/EngineResources/WhiteSquareTexture.uasset" 306
"../../../Engine/Content/EngineMaterials/Widget3DPassThrough.uasset" 307
"../../../Engine/Content/EngineMaterials/Widget3DPassThrough_Masked.uasset" 308
"../../../Engine/Content/EngineMaterials/Widget3DPassThrough_Opaque.uasset" 309
"../../../Engine/Content/EngineMaterials/Widget3DPassThrough_Masked_OneSided.uasset" 310
"../../../Engine/Content/EngineMaterials/Widget3DPassThrough_Opaque_OneSided.uasset" 311
"../../../Engine/Content/EngineMaterials/Widget3DPassThrough_Translucent.uasset" 312
"../../../Engine/Content/EngineMaterials/Widget3DPassThrough_Translucent_OneSided.uasset" 313
"../../../Engine/Content/EngineMeshes/Cylinder.uasset" 314
"../../../Engine/Content/EngineMeshes/Sphere.uasset" 315
"../../../Engine/Content/EngineResources/Black.uasset" 316
"../../../Engine/Content/EngineResources/DefaultTexture.uasset" 317
"../../../Engine/Content/EngineResources/DefaultTextureCube.uasset" 318
"../../../Engine/Content/EngineResources/DefaultVolumeTexture2D.uasset" 319
"../../../Engine/Content/EngineResources/DefaultVolumeTexture.uasset" 320
"../../../Engine/Content/EngineResources/GradientTexture0.uasset" 321
"../../../Engine/Content/EngineSounds/Master.uasset" 322
"../../../Engine/Content/Functions/Engine_MaterialFunctions01/Shading/ConvertFromDiffSpec.uasset" 323
"../../../Engine/Content/Functions/Engine_MaterialFunctions01/Shading/PowerToRoughness.uasset" 324
"../../../Engine/Content/Maps/Templates/Thumbnails/Default.uasset" 325
"../../../Engine/Content/Maps/Templates/Thumbnails/TimeOfDay.uasset" 326
"../../../Engine/Content/Maps/Templates/Thumbnails/VR-Basic.uasset" 327
"../../../Engine/Content/MobileResources/T_MobileControls_texture.uasset" 328
"../../../Engine/Content/MobileResources/T_MobileMenu2.uasset" 329
"../../../Engine/Content/MobileResources/HUD/AnalogHat.uasset" 330
"../../../Engine/Content/MobileResources/HUD/VirtualJoystick_Background.uasset" 331
"../../../Engine/Content/MobileResources/HUD/VirtualJoystick_Thumb.uasset" 332
"../../../Engine/Content/MobileResources/HUD/DefaultVirtualJoysticks.uasset" 333
"../../../Engine/Content/MobileResources/HUD/LeftVirtualJoystickOnly.uasset" 334
"../../../Engine/Content/MobileResources/HUD/MobileHUDButton1_off.uasset" 335
"../../../Engine/Content/MobileResources/HUD/MobileHUDButton1_on.uasset" 336
"../../../Engine/Content/MobileResources/HUD/MobileHUDButton2_off.uasset" 337
"../../../Engine/Content/MobileResources/HUD/MobileHUDButton2_on.uasset" 338
"../../../Engine/Content/MobileResources/HUD/MobileHUDButton3.uasset" 339
"../../../Engine/Content/MobileResources/HUD/MobileHUDButtonFire.uasset" 340
"../../../Engine/Content/MobileResources/HUD/MobileHUDDirectionPad.uasset" 341
"../../../Engine/Content/MobileResources/HUD/MobileHUDDirectionPad2.uasset" 342
"../../../Engine/Content/MobileResources/HUD/MobileHUDDirectionPad3.uasset" 343
"../../../Engine/Content/MobileResources/HUD/MobileHUDDirectionStick.uasset" 344
"../../../Engine/Content/MobileResources/HUD/T_Castle_ThumbstickInner.uasset" 345
"../../../Engine/Content/MobileResources/HUD/T_Castle_ThumbstickOutter.uasset" 346
"../../../Engine/Content/Tutorial/ContentIntroCurve.uasset" 347
"../../../Engine/Content/Tutorial/Basics/LevelEditorAttract.uasset" 348
"../../../Engine/Content/VREditor/LaserPointer/VR_LaserPower_01.uasset" 349
"../../../Engine/Content/VREditor/TransformGizmo/TransformGizmoMaterial.uasset" 350
"../../../Engine/Content/VREditor/TransformGizmo/TranslucentTransformGizmoMaterial.uasset" 351
"../../../Engine/Content/VREditor/TransformGizmo/BoundingBoxCorner.uasset" 352
"../../../Engine/Content/VREditor/TransformGizmo/BoundingBoxEdge.uasset" 353
"../../../Engine/Content/VREditor/TransformGizmo/PlaneTranslationHandle.uasset" 354
"../../../Engine/Content/VREditor/TransformGizmo/Main.uasset" 355
"../../../Engine/Content/VREditor/TransformGizmo/Xray.uasset" 356
"../../../Engine/Content/VREditor/TransformGizmo/SM_Sequencer_Key.uasset" 357
"../../../Engine/Content/VREditor/TransformGizmo/SM_Sequencer_Node.uasset" 358
"../../Plugins/2D/Paper2D/Content/PlaceholderTextures/DummySpriteTexture.uasset" 359
"../../Plugins/2D/Paper2D/Content/DummySprite.uasset" 360
"../../Plugins/2D/Paper2D/Content/DefaultPaperTerrainMaterial.uasset" 361
"../../Plugins/2D/Paper2D/Content/DummySpriteTexture.uasset" 362
"../../Plugins/2D/Paper2D/Content/DefaultSpriteMaterial.uasset" 363
"../../Plugins/2D/Paper2D/Content/MaskedUnlitSpriteMaterial.uasset" 364
"../../Plugins/2D/Paper2D/Content/OpaqueUnlitSpriteMaterial.uasset" 365
"../../../Engine/Content/Functions/Engine_MaterialFunctions02/Utility/BreakOutFloat4Components.uasset" 366
"../../../Engine/Content/Functions/Engine_MaterialFunctions02/Utility/MakeFloat2.uasset" 367
"../../../Engine/Content/Functions/Engine_MaterialFunctions02/Utility/MakeFloat3.uasset" 368
"../../Plugins/Runtime/Oculus/OculusVR/Content/Materials/OculusMR_ChromaKey.uasset" 369
"../../Plugins/Runtime/Oculus/OculusVR/Content/Materials/OculusMR_ChromaKey_Lit.uasset" 370
"../../Plugins/Runtime/Oculus/OculusVR/Content/Materials/OculusMR_OpaqueColoredMaterial.uasset" 371
"../../Plugins/Runtime/Oculus/OculusVR/Content/Materials/OculusMR_WhiteMaterial.uasset" 372
"../../../Engine/Content/EngineSky/C_Sky_Cloud_Color.uasset" 373
"../../../Engine/Content/EngineSky/C_Sky_Horizon_Color.uasset" 374
"../../../Engine/Content/EngineSky/C_Sky_Zenith_Color.uasset" 375
"../../../Engine/Content/EngineSky/T_Sky_Blue.uasset" 376
"../../../Engine/Content/EngineSky/T_Sky_Clouds_M.uasset" 377
"../../../Engine/Content/EngineSky/T_Sky_Stars.uasset" 378
"../../../Engine/Content/EngineSky/M_Sky_Panning_Clouds2.uasset" 379
"../../../Engine/Content/EngineSky/SM_SkySphere.uasset" 380
"../../../Engine/Content/EngineSky/BP_Sky_Sphere.uasset" 381
"../../../../../../projects/puzzle_game_01/Content/Textures/Tileables/metal_painted_01_Albedo.uasset" 382
"../../../../../../projects/puzzle_game_01/Content/Textures/Tileables/metal_painted_01_Normal.uasset" 383
"../../../../../../projects/puzzle_game_01/Content/Material/M_metal_painted_01.uasset" 384
"../../../../../../projects/puzzle_game_01/Content/Meshes/Props/door_frame_mesh.uasset" 385
"../../../../../../projects/puzzle_game_01/Content/Meshes/Props/door_mesh.uasset" 386
"../../../../../../projects/puzzle_game_01/Content/Blueprints/BP_door_openable.uasset" 387
"../../../../../../projects/puzzle_game_01/Content/Textures/end_up_sticker_albedo.uasset" 388
"../../../../../../projects/puzzle_game_01/Content/Material/cube_sticker.uasset" 389
"../../../../../../projects/puzzle_game_01/Content/Textures/Tileables/metal_shiny_01_Albedo.uasset" 390
"../../../../../../projects/puzzle_game_01/Content/Textures/Tileables/metal_shiny_01_Normal.uasset" 391
"../../../../../../projects/puzzle_game_01/Content/Textures/Tileables/metal_shiny_01_Roughness.uasset" 392
"../../../../../../projects/puzzle_game_01/Content/Material/M_metal_shiny_01.uasset" 393
"../../../../../../projects/puzzle_game_01/Content/Meshes/Props/cube_impostor_spikes.uasset" 394
"../../../../../../projects/puzzle_game_01/Content/StarterContent/Shapes/Shape_Plane.uasset" 395
"../../../../../../projects/puzzle_game_01/Content/Blueprints/BP_impostor_cube.uasset" 396
"../../../../../../projects/puzzle_game_01/Content/FirstPerson/Textures/FirstPersonCrosshair.uasset" 397
"../../../../../../projects/puzzle_game_01/Content/FirstPersonBP/Blueprints/FirstPersonHUD.uasset" 398
"../../../../../../projects/puzzle_game_01/Content/FirstPersonBP/Blueprints/FirstPersonGameMode.uasset" 399
"../../../../../../projects/puzzle_game_01/Content/Maps/andrei_level_01_BuiltData.uasset" 400
"../../../../../../projects/puzzle_game_01/Content/Textures/Tileables/ceiling_lamps_albedo.uasset" 401
"../../../../../../projects/puzzle_game_01/Content/Material/lights_ceiling.uasset" 402
"../../../../../../projects/puzzle_game_01/Content/Meshes/Level_geometry/andrei_level_01_floor.uasset" 403
"../../../../../../projects/puzzle_game_01/Content/Meshes/Level_geometry/andrei_level_01_walls.uasset" 404
"../../../../../../projects/puzzle_game_01/Content/Meshes/Level_geometry/ziga_floor.uasset" 405
"../../../../../../projects/puzzle_game_01/Content/Meshes/Level_geometry/ziga_walls.uasset" 406
"../../../../../../projects/puzzle_game_01/Content/Maps/andrei_level_01.umap" 407
"../../../../../../projects/puzzle_game_01/Content/Maps/andrei_level_02_BuiltData.uasset" 408
"../../../../../../projects/puzzle_game_01/Content/Material/M_glowing_walls.uasset" 409
"../../../../../../projects/puzzle_game_01/Content/Meshes/Level_geometry/andrei_level_02_ceiling.uasset" 410
"../../../../../../projects/puzzle_game_01/Content/Meshes/Level_geometry/andrei_level_02_floor.uasset" 411
"../../../../../../projects/puzzle_game_01/Content/Meshes/Level_geometry/andrei_level_02_walls.uasset" 412
"../../../../../../projects/puzzle_game_01/Content/StarterContent/Particles/Materials/M_Radial_Gradient.uasset" 413
"../../../../../../projects/puzzle_game_01/Content/StarterContent/Textures/T_Spark_Core.uasset" 414
"../../../../../../projects/puzzle_game_01/Content/StarterContent/Particles/Materials/M_Spark.uasset" 415
"../../../../../../projects/puzzle_game_01/Content/StarterContent/Particles/P_Sparks_saw.uasset" 416
"../../../../../../projects/puzzle_game_01/Content/Maps/andrei_level_02.umap" 417
"../../../../../../projects/puzzle_game_01/Content/Maps/andrei_level_03_BuiltData.uasset" 418
"../../../../../../projects/puzzle_game_01/Content/Textures/glitch_pp_breakup.uasset" 419
"../../../../../../projects/puzzle_game_01/Content/Textures/glitch_pp_mask.uasset" 420
"../../../../../../projects/puzzle_game_01/Content/Textures/glitch_render_target.uasset" 421
"../../../../../../projects/puzzle_game_01/Content/Material/M_level_03_postprocess.uasset" 422
"../../../Engine/Content/BasicShapes/Cube.uasset" 423
"../../../../../../projects/puzzle_game_01/Content/Maps/andrei_level_03.umap" 424
"../../../../../../projects/puzzle_game_01/Content/UI/Main_menu.uasset" 425
"../../../../../../projects/puzzle_game_01/Content/Maps/Main_menu.umap" 426
"../../../../../../projects/puzzle_game_01/Content/Maps/master_level_BuiltData.uasset" 427
"../../../../../../projects/puzzle_game_01/Content/Maps/master_level.umap" 428
"../../../../../../projects/puzzle_game_01/Content/Meshes/Props/plane_death_pit.uasset" 429
"../../../../../../projects/puzzle_game_01/Content/Blueprints/BP_death_pit.uasset" 430
"../../../../../../projects/puzzle_game_01/Content/Meshes/Props/Door_hidden_01.uasset" 431
"../../../../../../projects/puzzle_game_01/Content/Blueprints/BP_door_hidden.uasset" 432
"../../../../../../projects/puzzle_game_01/Content/Material/Laser_beam_mat.uasset" 433
"../../../../../../projects/puzzle_game_01/Content/Meshes/Props/Laser_beam_01.uasset" 434
"../../../../../../projects/puzzle_game_01/Content/Meshes/Props/Trap_frame_01.uasset" 435
"../../../../../../projects/puzzle_game_01/Content/Blueprints/BP_trap_frame.uasset" 436
"../../../../../../projects/puzzle_game_01/Content/Meshes/Props/Trap_laser.uasset" 437
"../../../../../../projects/puzzle_game_01/Content/Blueprints/BP_trap_laser.uasset" 438
"../../../../../../projects/puzzle_game_01/Content/Maps/Max_level_01_BuiltData.uasset" 439
"../../../Engine/Content/Functions/Engine_MaterialFunctions03/ComplexMotion/Motion_4WayChaos.uasset" 440
"../../../Engine/Content/Functions/Engine_MaterialFunctions03/Procedurals/NormalFromHeightmapChaos.uasset" 441
"../../../../../../projects/puzzle_game_01/Content/Textures/acid_Height.uasset" 442
"../../../../../../projects/puzzle_game_01/Content/Material/M_acid_mat.uasset" 443
"../../../Engine/Content/BasicShapes/Plane.uasset" 444
"../../../../../../projects/puzzle_game_01/Content/Meshes/Level_geometry/Max_level/Corridor_01.uasset" 445
"../../../../../../projects/puzzle_game_01/Content/Meshes/Level_geometry/Max_level/Passage_01.uasset" 446
"../../../../../../projects/puzzle_game_01/Content/Meshes/Props/Stakes_01.uasset" 447
"../../../../../../projects/puzzle_game_01/Content/Meshes/Props/Trap_acid.uasset" 448
"../../../../../../projects/puzzle_game_01/Content/Maps/Max_level_01.umap" 449
"../../../../../../projects/puzzle_game_01/Content/Maps/Max_level_02_BuiltData.uasset" 450
"../../../../../../projects/puzzle_game_01/Content/Textures/Painting_door.uasset" 451
"../../../../../../projects/puzzle_game_01/Content/Material/Painting_door_Mat.uasset" 452
"../../../../../../projects/puzzle_game_01/Content/Meshes/Props/Pit_with_button.uasset" 453
"../../../../../../projects/puzzle_game_01/Content/Maps/Max_level_02.umap" 454
"../../../../../../projects/puzzle_game_01/Content/Blueprints/BP_trap_stakes.uasset" 455
"../../../../../../projects/puzzle_game_01/Content/Maps/Max_level_03_BuiltData.uasset" 456
"../../../../../../projects/puzzle_game_01/Content/Maps/Max_level_03.umap" 457
"../../../../../../projects/puzzle_game_01/Content/Meshes/Props/cube_half.uasset" 458
"../../../../../../projects/puzzle_game_01/Content/Blueprints/BP_cube_half.uasset" 459
"../../../../../../projects/puzzle_game_01/Content/Sounds/circular_saw.uasset" 460
"../../../../../../projects/puzzle_game_01/Content/StarterContent/Shapes/Shape_Cylinder.uasset" 461
"../../../../../../projects/puzzle_game_01/Content/Blueprints/BP_circular_saw.uasset" 462
"../../../../../../projects/puzzle_game_01/Content/Maps/testing_grounds_BuiltData.uasset" 463
"../../../../../../projects/puzzle_game_01/Content/Geometry/Meshes/1M_Cube.uasset" 464
"../../../../../../projects/puzzle_game_01/Content/Meshes/Level_geometry/testing_grounds_floor.uasset" 465
"../../../../../../projects/puzzle_game_01/Content/Maps/testing_grounds.umap" 466
"../../../../../../projects/puzzle_game_01/Content/Meshes/Props/Trap_scythe.uasset" 467
"../../../../../../projects/puzzle_game_01/Content/Blueprints/BP_Trap_scythe.uasset" 468
"../../../../../../projects/puzzle_game_01/Content/Meshes/Level_geometry/Timur_level/holo_bridge.uasset" 469
"../../../../../../projects/puzzle_game_01/Content/Maps/timur_level_01.umap" 470
"../../../../../../projects/puzzle_game_01/Content/Maps/timur_room_1_BuiltData.uasset" 471
"../../../../../../projects/puzzle_game_01/Content/Maps/timur_room_1.umap" 472
"../../../../../../projects/puzzle_game_01/Content/Maps/timur_room_2_BuiltData.uasset" 473
"../../../../../../projects/puzzle_game_01/Content/Textures/Tileables/ceiling_basecolor.uasset" 474
"../../../../../../projects/puzzle_game_01/Content/Textures/Tileables/ceiling_emissive.uasset" 475
"../../../../../../projects/puzzle_game_01/Content/Textures/Tileables/ceiling_normal.uasset" 476
"../../../../../../projects/puzzle_game_01/Content/Material/ceiling.uasset" 477
"../../../../../../projects/puzzle_game_01/Content/Geometry/TimurBsp/Box_Brush12_StaticMesh.uasset" 478
"../../../../../../projects/puzzle_game_01/Content/Maps/timur_room_2.umap" 479
"../../../../../../projects/puzzle_game_01/Content/Maps/timur_room_3_BuiltData.uasset" 480
"../../../../../../projects/puzzle_game_01/Content/Maps/timur_room_3.umap" 481
"../../../../../../projects/puzzle_game_01/Content/Maps/timur_room_4_BuiltData.uasset" 482
"../../../../../../projects/puzzle_game_01/Content/Maps/timur_room_4.umap" 483
"../../../../../../projects/puzzle_game_01/Content/Maps/timur_room_5_BuiltData.uasset" 484
"../../../../../../projects/puzzle_game_01/Content/Maps/timur_room_5.umap" 485
"../../../../../../projects/puzzle_game_01/Content/Maps/timur_room_6_BuiltData.uasset" 486
"../../../../../../projects/puzzle_game_01/Content/Maps/timur_room_6.umap" 487
"../../../../../../projects/puzzle_game_01/Content/FirstPersonBP/Maps/FirstPersonExampleMap_BuiltData.uasset" 488
"../../../../../../projects/puzzle_game_01/Content/FirstPerson/Meshes/CubeMaterialOverride.uasset" 489
"../../../../../../projects/puzzle_game_01/Content/FirstPersonBP/Maps/FirstPersonExampleMap.umap" 490
"../../../../../../projects/puzzle_game_01/Content/StarterContent/Blueprints/Assets/FogBrightnessLUT.uasset" 491
"../../../../../../projects/puzzle_game_01/Content/StarterContent/Blueprints/Assets/SunlightColorLUT.uasset" 492
"../../../../../../projects/puzzle_game_01/Content/StarterContent/Blueprints/Assets/M_LightStage_Arrows.uasset" 493
"../../../Engine/Content/MapTemplates/Sky/DaylightAmbientCubemap.uasset" 494
"../../../../../../projects/puzzle_game_01/Content/StarterContent/Blueprints/Assets/M_LightStage_Skybox_Master.uasset" 495
"../../../../../../projects/puzzle_game_01/Content/StarterContent/Blueprints/Assets/M_LightStage_Skybox_Black.uasset" 496
"../../../../../../projects/puzzle_game_01/Content/StarterContent/Blueprints/Assets/M_LightStage_Skybox_HDRI.uasset" 497
"../../../Engine/Content/EditorMaterials/Thumbnails/SkySphereMaterial.uasset" 498
"../../../../../../projects/puzzle_game_01/Content/StarterContent/Blueprints/Assets/Skybox.uasset" 499
"../../../../../../projects/puzzle_game_01/Content/StarterContent/Blueprints/Assets/SM_Arrows.uasset" 500
"../../../../../../projects/puzzle_game_01/Content/StarterContent/HDRI/HDRI_Epic_Courtyard_Daylight.uasset" 501
"../../../../../../projects/puzzle_game_01/Content/StarterContent/Blueprints/BP_LightStudio.uasset" 502
"../../../../../../projects/puzzle_game_01/Content/StarterContent/Maps/Advanced_Lighting_BuiltData.uasset" 503
"../../../../../../projects/puzzle_game_01/Content/StarterContent/Materials/M_AssetPlatform.uasset" 504
"../../../Engine/Content/EditorMeshes/ColorCalibrator/M_ChromeBall.uasset" 505
"../../../Engine/Content/EditorMeshes/ColorCalibrator/M_ClearCoat.uasset" 506
"../../../Engine/Content/EditorMeshes/ColorCalibrator/M_ClearCoatBlack.uasset" 507
"../../../Engine/Content/EditorMeshes/ColorCalibrator/Color_checker.uasset" 508
"../../../Engine/Content/EditorMeshes/ColorCalibrator/M_ColorGrid.uasset" 509
"../../../Engine/Content/EditorMeshes/ColorCalibrator/M_GreyBall.uasset" 510
"../../../Engine/Content/EditorMeshes/ColorCalibrator/SM_ColorCalibrator.uasset" 511
"../../../../../../projects/puzzle_game_01/Content/StarterContent/Architecture/SM_AssetPlatform.uasset" 512
"../../../../../../projects/puzzle_game_01/Content/StarterContent/Maps/Advanced_Lighting.umap" 513
"../../../../../../projects/puzzle_game_01/Content/StarterContent/Maps/Minimal_Default_BuiltData.uasset" 514
"../../../../../../projects/puzzle_game_01/Content/StarterContent/Materials/M_Metal_Brushed_Nickel.uasset" 515
"../../../../../../projects/puzzle_game_01/Content/StarterContent/Textures/T_Metal_Aluminum_D.uasset" 516
"../../../../../../projects/puzzle_game_01/Content/StarterContent/Textures/T_Metal_Gold_N.uasset" 517
"../../../../../../projects/puzzle_game_01/Content/StarterContent/Materials/M_Metal_Burnished_Steel.uasset" 518
"../../../../../../projects/puzzle_game_01/Content/StarterContent/Textures/T_Metal_Copper_D.uasset" 519
"../../../../../../projects/puzzle_game_01/Content/StarterContent/Materials/M_Metal_Copper.uasset" 520
"../../../../../../projects/puzzle_game_01/Content/StarterContent/Textures/T_Statue_M.uasset" 521
"../../../../../../projects/puzzle_game_01/Content/StarterContent/Textures/T_Statue_N.uasset" 522
"../../../../../../projects/puzzle_game_01/Content/StarterContent/Props/Materials/M_StatueGlass.uasset" 523
"../../../../../../projects/puzzle_game_01/Content/StarterContent/Architecture/Floor_400x400.uasset" 524
"../../../../../../projects/puzzle_game_01/Content/StarterContent/Audio/Starter_Background_Cue.uasset" 525
"../../../../../../projects/puzzle_game_01/Content/StarterContent/Props/SM_Chair.uasset" 526
"../../../../../../projects/puzzle_game_01/Content/StarterContent/Props/Materials/M_Statue.uasset" 527
"../../../../../../projects/puzzle_game_01/Content/StarterContent/Props/SM_Statue.uasset" 528
"../../../../../../projects/puzzle_game_01/Content/StarterContent/Textures/T_TableRound_M.uasset" 529
"../../../../../../projects/puzzle_game_01/Content/StarterContent/Textures/T_TableRound_N.uasset" 530
"../../../../../../projects/puzzle_game_01/Content/StarterContent/Props/Materials/M_TableRound.uasset" 531
"../../../../../../projects/puzzle_game_01/Content/StarterContent/Props/SM_TableRound.uasset" 532
"../../../../../../projects/puzzle_game_01/Content/StarterContent/Maps/Minimal_Default.umap" 533
"../../../../../../projects/puzzle_game_01/Content/StarterContent/Audio/Fire01_Cue.uasset" 534
"../../../../../../projects/puzzle_game_01/Content/StarterContent/Textures/T_Fire_SubUV.uasset" 535
"../../../../../../projects/puzzle_game_01/Content/StarterContent/Textures/T_Fire_Tiled_D.uasset" 536
"../../../../../../projects/puzzle_game_01/Content/StarterContent/Particles/Materials/M_Fire_SubUV.uasset" 537
"../../../../../../projects/puzzle_game_01/Content/StarterContent/Textures/T_Water_N.uasset" 538
"../../../../../../projects/puzzle_game_01/Content/StarterContent/Particles/Materials/M_Heat_Distortion.uasset" 539
"../../../../../../projects/puzzle_game_01/Content/StarterContent/Particles/P_Fire.uasset" 540
"../../../../../../projects/puzzle_game_01/Content/StarterContent/Blueprints/Blueprint_Effect_Fire.uasset" 541
"../../../../../../projects/puzzle_game_01/Content/StarterContent/Audio/Smoke01_Cue.uasset" 542
"../../../../../../projects/puzzle_game_01/Content/StarterContent/Particles/P_Smoke.uasset" 543
"../../../../../../projects/puzzle_game_01/Content/StarterContent/Blueprints/Blueprint_Effect_Smoke.uasset" 544
"../../../../../../projects/puzzle_game_01/Content/StarterContent/Audio/Fire_Sparks01_Cue.uasset" 545
"../../../../../../projects/puzzle_game_01/Content/StarterContent/Particles/P_Sparks.uasset" 546
"../../../../../../projects/puzzle_game_01/Content/StarterContent/Blueprints/Blueprint_Effect_Sparks.uasset" 547
"../../../../../../projects/puzzle_game_01/Content/StarterContent/Audio/Steam01_Cue.uasset" 548
"../../../../../../projects/puzzle_game_01/Content/StarterContent/Particles/P_Steam_Lit.uasset" 549
"../../../../../../projects/puzzle_game_01/Content/StarterContent/Blueprints/Blueprint_Effect_Steam.uasset" 550
"../../../../../../projects/puzzle_game_01/Content/StarterContent/Textures/T_Lamp_M.uasset" 551
"../../../../../../projects/puzzle_game_01/Content/StarterContent/Textures/T_Lamp_N.uasset" 552
"../../../../../../projects/puzzle_game_01/Content/StarterContent/Props/Materials/M_Lamp.uasset" 553
"../../../../../../projects/puzzle_game_01/Content/StarterContent/Props/SM_Lamp_Ceiling.uasset" 554
"../../../../../../projects/puzzle_game_01/Content/StarterContent/Blueprints/Blueprint_CeilingLight.uasset" 555
"../../../../../../projects/puzzle_game_01/Content/StarterContent/Props/SM_Lamp_Wall.uasset" 556
"../../../../../../projects/puzzle_game_01/Content/StarterContent/Blueprints/Blueprint_WallSconce.uasset" 557
"../../../../../../projects/puzzle_game_01/Content/StarterContent/Maps/StarterMap_BuiltData.uasset" 558
"../../../Engine/Content/Functions/Engine_MaterialFunctions03/Procedurals/ComputeFilterWidth.uasset" 559
"../../../Engine/Content/EngineMaterials/AntiAliasedTextMaterialTranslucent.uasset" 560
"../../../../../../projects/puzzle_game_01/Content/StarterContent/Textures/T_Brick_Clay_Beveled_D.uasset" 561
"../../../../../../projects/puzzle_game_01/Content/StarterContent/Textures/T_Brick_Clay_Beveled_M.uasset" 562
"../../../../../../projects/puzzle_game_01/Content/StarterContent/Textures/T_Brick_Clay_Beveled_N.uasset" 563
"../../../../../../projects/puzzle_game_01/Content/StarterContent/Materials/M_Brick_Clay_Beveled.uasset" 564
"../../../../../../projects/puzzle_game_01/Content/StarterContent/Textures/T_Brick_Clay_New_D.uasset" 565
"../../../../../../projects/puzzle_game_01/Content/StarterContent/Textures/T_Brick_Clay_New_M.uasset" 566
"../../../../../../projects/puzzle_game_01/Content/StarterContent/Textures/T_Brick_Clay_New_N.uasset" 567
"../../../../../../projects/puzzle_game_01/Content/StarterContent/Materials/M_Brick_Clay_New.uasset" 568
"../../../../../../projects/puzzle_game_01/Content/StarterContent/Textures/T_Brick_Clay_Old_D.uasset" 569
"../../../../../../projects/puzzle_game_01/Content/StarterContent/Textures/T_Brick_Clay_Old_N.uasset" 570
"../../../../../../projects/puzzle_game_01/Content/StarterContent/Textures/T_Perlin_Noise_M.uasset" 571
"../../../../../../projects/puzzle_game_01/Content/StarterContent/Materials/M_Brick_Clay_Old.uasset" 572
"../../../../../../projects/puzzle_game_01/Content/StarterContent/Textures/T_Brick_Cut_Stone_D.uasset" 573
"../../../../../../projects/puzzle_game_01/Content/StarterContent/Textures/T_Brick_Cut_Stone_N.uasset" 574
"../../../../../../projects/puzzle_game_01/Content/StarterContent/Materials/M_Brick_Cut_Stone.uasset" 575
"../../../../../../projects/puzzle_game_01/Content/StarterContent/Textures/T_Brick_Hewn_Stone_D.uasset" 576
"../../../../../../projects/puzzle_game_01/Content/StarterContent/Textures/T_Brick_Hewn_Stone_M.uasset" 577
"../../../../../../projects/puzzle_game_01/Content/StarterContent/Textures/T_Brick_Hewn_Stone_N.uasset" 578
"../../../../../../projects/puzzle_game_01/Content/StarterContent/Materials/M_Brick_Hewn_Stone.uasset" 579
"../../../../../../projects/puzzle_game_01/Content/StarterContent/Textures/T_Ceramic_Tile_M.uasset" 580
"../../../../../../projects/puzzle_game_01/Content/StarterContent/Textures/T_Ceramic_Tile_N.uasset" 581
"../../../../../../projects/puzzle_game_01/Content/StarterContent/Textures/T_Rock_Marble_Polished_D.uasset" 582
"../../../../../../projects/puzzle_game_01/Content/StarterContent/Materials/M_Ceramic_Tile_Checker.uasset" 583
"../../../../../../projects/puzzle_game_01/Content/StarterContent/Textures/T_CobbleStone_Pebble_D.uasset" 584
"../../../../../../projects/puzzle_game_01/Content/StarterContent/Textures/T_CobbleStone_Pebble_M.uasset" 585
"../../../../../../projects/puzzle_game_01/Content/StarterContent/Textures/T_CobbleStone_Pebble_N.uasset" 586
"../../../../../../projects/puzzle_game_01/Content/StarterContent/Materials/M_CobbleStone_Pebble.uasset" 587
"../../../../../../projects/puzzle_game_01/Content/StarterContent/Textures/T_CobbleStone_Rough_D.uasset" 588
"../../../../../../projects/puzzle_game_01/Content/StarterContent/Textures/T_CobbleStone_Rough_N.uasset" 589
"../../../../../../projects/puzzle_game_01/Content/StarterContent/Textures/T_Gradinet_01.uasset" 590
"../../../../../../projects/puzzle_game_01/Content/StarterContent/Textures/T_Rock_Smooth_Granite_D.uasset" 591
"../../../../../../projects/puzzle_game_01/Content/StarterContent/Materials/M_CobbleStone_Rough.uasset" 592
"../../../../../../projects/puzzle_game_01/Content/StarterContent/Textures/T_CobbleStone_Smooth_D.uasset" 593
"../../../../../../projects/puzzle_game_01/Content/StarterContent/Textures/T_CobbleStone_Smooth_M.uasset" 594
"../../../../../../projects/puzzle_game_01/Content/StarterContent/Textures/T_CobbleStone_Smooth_N.uasset" 595
"../../../../../../projects/puzzle_game_01/Content/StarterContent/Materials/M_CobbleStone_Smooth.uasset" 596
"../../../../../../projects/puzzle_game_01/Content/StarterContent/Textures/T_Concrete_Grime_D.uasset" 597
"../../../../../../projects/puzzle_game_01/Content/StarterContent/Textures/T_Metal_Rust_N.uasset" 598
"../../../../../../projects/puzzle_game_01/Content/StarterContent/Materials/M_Concrete_Grime.uasset" 599
"../../../../../../projects/puzzle_game_01/Content/StarterContent/Textures/T_Concrete_Panels_D.uasset" 600
"../../../../../../projects/puzzle_game_01/Content/StarterContent/Textures/T_Concrete_Panels_N.uasset" 601
"../../../../../../projects/puzzle_game_01/Content/StarterContent/Materials/M_Concrete_Panels.uasset" 602
"../../../../../../projects/puzzle_game_01/Content/StarterContent/Textures/T_Concrete_Poured_D.uasset" 603
"../../../../../../projects/puzzle_game_01/Content/StarterContent/Textures/T_Concrete_Poured_N.uasset" 604
"../../../../../../projects/puzzle_game_01/Content/StarterContent/Materials/M_Concrete_Poured.uasset" 605
"../../../../../../projects/puzzle_game_01/Content/StarterContent/Textures/T_Concrete_Tiles_D.uasset" 606
"../../../../../../projects/puzzle_game_01/Content/StarterContent/Textures/T_Concrete_Tiles_M.uasset" 607
"../../../../../../projects/puzzle_game_01/Content/StarterContent/Textures/T_Concrete_Tiles_N.uasset" 608
"../../../../../../projects/puzzle_game_01/Content/StarterContent/Textures/T_Concrete_Tiles_Variation_M.uasset" 609
"../../../../../../projects/puzzle_game_01/Content/StarterContent/Materials/M_Concrete_Tiles.uasset" 610
"../../../../../../projects/puzzle_game_01/Content/StarterContent/Textures/T_Ground_Grass_D.uasset" 611
"../../../../../../projects/puzzle_game_01/Content/StarterContent/Textures/T_Ground_Grass_N.uasset" 612
"../../../../../../projects/puzzle_game_01/Content/StarterContent/Materials/M_Ground_Grass.uasset" 613
"../../../../../../projects/puzzle_game_01/Content/StarterContent/Textures/T_Ground_Gravel_D.uasset" 614
"../../../../../../projects/puzzle_game_01/Content/StarterContent/Textures/T_Ground_Gravel_N.uasset" 615
"../../../../../../projects/puzzle_game_01/Content/StarterContent/Materials/M_Ground_Gravel.uasset" 616
"../../../../../../projects/puzzle_game_01/Content/StarterContent/Textures/T_ground_Moss_D.uasset" 617
"../../../../../../projects/puzzle_game_01/Content/StarterContent/Textures/T_Ground_Moss_N.uasset" 618
"../../../../../../projects/puzzle_game_01/Content/StarterContent/Materials/M_Ground_Moss.uasset" 619
"../../../../../../projects/puzzle_game_01/Content/StarterContent/Textures/T_Metal_Gold_D.uasset" 620
"../../../../../../projects/puzzle_game_01/Content/StarterContent/Materials/M_Metal_Gold.uasset" 621
"../../../../../../projects/puzzle_game_01/Content/StarterContent/Textures/T_Metal_Rust_D.uasset" 622
"../../../../../../projects/puzzle_game_01/Content/StarterContent/Materials/M_Metal_Rust.uasset" 623
"../../../../../../projects/puzzle_game_01/Content/StarterContent/Textures/T_Metal_Steel_D.uasset" 624
"../../../../../../projects/puzzle_game_01/Content/StarterContent/Textures/T_Metal_Steel_N.uasset" 625
"../../../../../../projects/puzzle_game_01/Content/StarterContent/Materials/M_Metal_Steel.uasset" 626
"../../../../../../projects/puzzle_game_01/Content/StarterContent/Textures/T_Rock_Basalt_N.uasset" 627
"../../../../../../projects/puzzle_game_01/Content/StarterContent/Materials/M_Rock_Basalt.uasset" 628
"../../../../../../projects/puzzle_game_01/Content/StarterContent/Materials/M_Rock_Marble_Polished.uasset" 629
"../../../../../../projects/puzzle_game_01/Content/StarterContent/Textures/T_Rock_Sandstone_D.uasset" 630
"../../../../../../projects/puzzle_game_01/Content/StarterContent/Textures/T_Rock_Sandstone_N.uasset" 631
"../../../../../../projects/puzzle_game_01/Content/StarterContent/Materials/M_Rock_Sandstone.uasset" 632
"../../../../../../projects/puzzle_game_01/Content/StarterContent/Textures/T_Rock_Slate_D.uasset" 633
"../../../../../../projects/puzzle_game_01/Content/StarterContent/Textures/T_Rock_Slate_N.uasset" 634
"../../../../../../projects/puzzle_game_01/Content/StarterContent/Materials/M_Rock_Slate.uasset" 635
"../../../../../../projects/puzzle_game_01/Content/StarterContent/Textures/T_Checker_Noise_M.uasset" 636
"../../../../../../projects/puzzle_game_01/Content/StarterContent/Textures/T_Single_Tile_N.uasset" 637
"../../../../../../projects/puzzle_game_01/Content/StarterContent/Textures/T_Tech_Dot_M.uasset" 638
"../../../../../../projects/puzzle_game_01/Content/StarterContent/Textures/T_Tech_Dot_N.uasset" 639
"../../../../../../projects/puzzle_game_01/Content/StarterContent/Materials/M_Tech_Checker_Dot.uasset" 640
"../../../../../../projects/puzzle_game_01/Content/StarterContent/Textures/T_Tech_Hex_Tile_M.uasset" 641
"../../../../../../projects/puzzle_game_01/Content/StarterContent/Textures/T_Tech_Hex_Tile_N.uasset" 642
"../../../../../../projects/puzzle_game_01/Content/StarterContent/Materials/M_Tech_Hex_Tile.uasset" 643
"../../../../../../projects/puzzle_game_01/Content/StarterContent/Materials/M_Tech_Hex_Tile_Pulse.uasset" 644
"../../../../../../projects/puzzle_game_01/Content/StarterContent/Textures/T_Tech_Panel_M.uasset" 645
"../../../../../../projects/puzzle_game_01/Content/StarterContent/Textures/T_Tech_Panel_N.uasset" 646
"../../../../../../projects/puzzle_game_01/Content/StarterContent/Materials/M_Tech_Panel.uasset" 647
"../../../../../../projects/puzzle_game_01/Content/StarterContent/Materials/M_Water_Lake.uasset" 648
"../../../../../../projects/puzzle_game_01/Content/StarterContent/Textures/T_Water_M.uasset" 649
"../../../../../../projects/puzzle_game_01/Content/StarterContent/Materials/M_Water_Ocean.uasset" 650
"../../../../../../projects/puzzle_game_01/Content/StarterContent/Textures/T_Wood_Floor_Walnut_D.uasset" 651
"../../../../../../projects/puzzle_game_01/Content/StarterContent/Textures/T_Wood_Floor_Walnut_M.uasset" 652
"../../../../../../projects/puzzle_game_01/Content/StarterContent/Textures/T_Wood_Floor_Walnut_N.uasset" 653
"../../../../../../projects/puzzle_game_01/Content/StarterContent/Materials/M_Wood_Floor_Walnut_Polished.uasset" 654
"../../../Engine/Content/Functions/Engine_MaterialFunctions01/Opacity/AlphaOffset.uasset" 655
"../../../../../../projects/puzzle_game_01/Content/StarterContent/Materials/M_Wood_Floor_Walnut_Worn.uasset" 656
"../../../../../../projects/puzzle_game_01/Content/StarterContent/Textures/T_Wood_Oak_D.uasset" 657
"../../../../../../projects/puzzle_game_01/Content/StarterContent/Textures/T_Wood_Oak_N.uasset" 658
"../../../../../../projects/puzzle_game_01/Content/StarterContent/Materials/M_Wood_Oak.uasset" 659
"../../../../../../projects/puzzle_game_01/Content/StarterContent/Textures/T_Wood_Pine_D.uasset" 660
"../../../../../../projects/puzzle_game_01/Content/StarterContent/Textures/T_Wood_Pine_N.uasset" 661
"../../../../../../projects/puzzle_game_01/Content/StarterContent/Materials/M_Wood_Pine.uasset" 662
"../../../../../../projects/puzzle_game_01/Content/StarterContent/Textures/T_Wood_Walnut_D.uasset" 663
"../../../../../../projects/puzzle_game_01/Content/StarterContent/Textures/T_Wood_Walnut_N.uasset" 664
"../../../../../../projects/puzzle_game_01/Content/StarterContent/Materials/M_Wood_Walnut.uasset" 665
"../../../../../../projects/puzzle_game_01/Content/StarterContent/Architecture/Wall_400x200.uasset" 666
"../../../../../../projects/puzzle_game_01/Content/StarterContent/Architecture/Wall_Door_400x300.uasset" 667
"../../../../../../projects/puzzle_game_01/Content/StarterContent/Architecture/Wall_Window_400x300.uasset" 668
"../../../../../../projects/puzzle_game_01/Content/StarterContent/Audio/Collapse_Cue.uasset" 669
"../../../../../../projects/puzzle_game_01/Content/StarterContent/Audio/Starter_Music_Cue.uasset" 670
"../../../../../../projects/puzzle_game_01/Content/StarterContent/Textures/T_Dust_Particle_D.uasset" 671
"../../../../../../projects/puzzle_game_01/Content/StarterContent/Particles/Materials/M_Dust_Particle.uasset" 672
"../../../../../../projects/puzzle_game_01/Content/StarterContent/Particles/P_Ambient_Dust.uasset" 673
"../../../../../../projects/puzzle_game_01/Content/StarterContent/Props/MaterialSphere.uasset" 674
"../../../../../../projects/puzzle_game_01/Content/StarterContent/Textures/T_Frame_M.uasset" 675
"../../../../../../projects/puzzle_game_01/Content/StarterContent/Textures/T_Frame_N.uasset" 676
"../../../../../../projects/puzzle_game_01/Content/StarterContent/Props/Materials/M_Frame.uasset" 677
"../../../../../../projects/puzzle_game_01/Content/StarterContent/Props/SM_CornerFrame.uasset" 678
"../../../../../../projects/puzzle_game_01/Content/StarterContent/Props/SM_DoorFrame.uasset" 679
"../../../../../../projects/puzzle_game_01/Content/StarterContent/Props/SM_GlassWindow.uasset" 680
"../../../../../../projects/puzzle_game_01/Content/StarterContent/Props/SM_PillarFrame.uasset" 681
"../../../../../../projects/puzzle_game_01/Content/StarterContent/Props/SM_PillarFrame300.uasset" 682
"../../../../../../projects/puzzle_game_01/Content/StarterContent/Props/SM_WindowFrame.uasset" 683
"../../../../../../projects/puzzle_game_01/Content/StarterContent/Shapes/Shape_Cube.uasset" 684
"../../../../../../projects/puzzle_game_01/Content/StarterContent/Shapes/Shape_QuadPyramid.uasset" 685
"../../../../../../projects/puzzle_game_01/Content/StarterContent/Shapes/Shape_Sphere.uasset" 686
"../../../../../../projects/puzzle_game_01/Content/StarterContent/Maps/StarterMap.umap" 687
"../../../Engine/Content/Maps/Entry_BuiltData.uasset" 688
"../../../Engine/Content/Maps/Entry.umap" 689
